2025-10-30T16:42:12.990-03:00  INFO 16184 --- [restartedMain] com.braservone.BraservOneApplication     : Starting BraservOneApplication using Java 21.0.7 with PID 16184 (C:\Users\luis.silveira\OneDrive\Documentos\Projetos\braserv-one\target\classes started by luis.silveira in C:\Users\luis.silveira\OneDrive\Documentos\Projetos\braserv-one)
2025-10-30T16:42:13.011-03:00  INFO 16184 --- [restartedMain] com.braservone.BraservOneApplication     : The following 1 profile is active: "dev"
2025-10-30T16:42:13.236-03:00  INFO 16184 --- [restartedMain] .e.DevToolsPropertyDefaultsPostProcessor : Devtools property defaults active! Set 'spring.devtools.add-properties' to 'false' to disable
2025-10-30T16:42:13.252-03:00  INFO 16184 --- [restartedMain] .e.DevToolsPropertyDefaultsPostProcessor : For additional web related logging consider setting the 'logging.level.web' property to 'DEBUG'
2025-10-30T16:42:15.588-03:00  INFO 16184 --- [restartedMain] .s.d.r.c.RepositoryConfigurationDelegate : Bootstrapping Spring Data JPA repositories in DEFAULT mode.
2025-10-30T16:42:15.835-03:00  INFO 16184 --- [restartedMain] .s.d.r.c.RepositoryConfigurationDelegate : Finished Spring Data repository scanning in 227 ms. Found 21 JPA repository interfaces.
2025-10-30T16:42:18.325-03:00  INFO 16184 --- [restartedMain] o.s.b.w.embedded.tomcat.TomcatWebServer  : Tomcat initialized with port(s): 8080 (http)
2025-10-30T16:42:18.367-03:00  INFO 16184 --- [restartedMain] o.apache.catalina.core.StandardService   : Starting service [Tomcat]
2025-10-30T16:42:18.369-03:00  INFO 16184 --- [restartedMain] o.apache.catalina.core.StandardEngine    : Starting Servlet engine: [Apache Tomcat/10.1.8]
2025-10-30T16:42:18.588-03:00  INFO 16184 --- [restartedMain] o.a.c.c.C.[Tomcat].[localhost].[/]       : Initializing Spring embedded WebApplicationContext
2025-10-30T16:42:18.588-03:00  INFO 16184 --- [restartedMain] w.s.c.ServletWebServerApplicationContext : Root WebApplicationContext: initialization completed in 5334 ms
2025-10-30T16:42:19.101-03:00  INFO 16184 --- [restartedMain] o.hibernate.jpa.internal.util.LogHelper  : HHH000204: Processing PersistenceUnitInfo [name: default]
2025-10-30T16:42:19.275-03:00  INFO 16184 --- [restartedMain] org.hibernate.Version                    : HHH000412: Hibernate ORM core version 6.2.2.Final
2025-10-30T16:42:19.289-03:00  INFO 16184 --- [restartedMain] org.hibernate.cfg.Environment            : HHH000406: Using bytecode reflection optimizer
2025-10-30T16:42:19.722-03:00  INFO 16184 --- [restartedMain] o.h.b.i.BytecodeProviderInitiator        : HHH000021: Bytecode provider name : bytebuddy
2025-10-30T16:42:20.004-03:00  INFO 16184 --- [restartedMain] o.s.o.j.p.SpringPersistenceUnitInfo      : No LoadTimeWeaver setup: ignoring JPA class transformer
2025-10-30T16:42:20.047-03:00  INFO 16184 --- [restartedMain] com.zaxxer.hikari.HikariDataSource       : HikariPool-1 - Starting...
2025-10-30T16:42:20.512-03:00  INFO 16184 --- [restartedMain] com.zaxxer.hikari.pool.HikariPool        : HikariPool-1 - Added connection com.mysql.cj.jdbc.ConnectionImpl@7c5d8524
2025-10-30T16:42:20.514-03:00  INFO 16184 --- [restartedMain] com.zaxxer.hikari.HikariDataSource       : HikariPool-1 - Start completed.
2025-10-30T16:42:20.633-03:00  INFO 16184 --- [restartedMain] org.hibernate.orm.dialect                : HHH035001: Using dialect: org.hibernate.dialect.MySQLDialect, version: 9.2
2025-10-30T16:42:21.174-03:00  INFO 16184 --- [restartedMain] o.h.b.i.BytecodeProviderInitiator        : HHH000021: Bytecode provider name : bytebuddy
2025-10-30T16:42:22.438-03:00  INFO 16184 --- [restartedMain] o.h.e.t.j.p.i.JtaPlatformInitiator       : HHH000490: Using JtaPlatform implementation: [org.hibernate.engine.transaction.jta.platform.internal.NoJtaPlatform]
2025-10-30T16:42:23.613-03:00  INFO 16184 --- [restartedMain] j.LocalContainerEntityManagerFactoryBean : Initialized JPA EntityManagerFactory for persistence unit 'default'
2025-10-30T16:42:24.343-03:00  INFO 16184 --- [restartedMain] o.s.d.j.r.query.QueryEnhancerFactory     : Hibernate is in classpath; If applicable, HQL parser will be used.
2025-10-30T16:42:28.530-03:00  INFO 16184 --- [restartedMain] o.s.s.web.DefaultSecurityFilterChain     : Will secure any request with [org.springframework.security.web.session.DisableEncodeUrlFilter@509306d6, org.springframework.security.web.context.request.async.WebAsyncManagerIntegrationFilter@6236ca54, org.springframework.security.web.context.SecurityContextHolderFilter@722d3799, org.springframework.security.web.header.HeaderWriterFilter@1a1e478a, org.springframework.web.filter.CorsFilter@6b6a5ad3, org.springframework.security.web.authentication.logout.LogoutFilter@5da905bd, com.braservone.security.jwt.AuthTokenFilter@620b1f36, org.springframework.security.web.savedrequest.RequestCacheAwareFilter@118325a8, org.springframework.security.web.servletapi.SecurityContextHolderAwareRequestFilter@4ab9e7c9, org.springframework.security.web.authentication.AnonymousAuthenticationFilter@16767533, org.springframework.security.web.session.SessionManagementFilter@403533e4, org.springframework.security.web.access.ExceptionTranslationFilter@1cbaa5f5, org.springframework.security.web.access.intercept.AuthorizationFilter@5cddd941]
2025-10-30T16:42:30.264-03:00  INFO 16184 --- [restartedMain] o.s.b.d.a.OptionalLiveReloadServer       : LiveReload server is running on port 35729
2025-10-30T16:42:30.361-03:00  INFO 16184 --- [restartedMain] o.s.b.w.embedded.tomcat.TomcatWebServer  : Tomcat started on port(s): 8080 (http) with context path ''
2025-10-30T16:42:30.381-03:00  INFO 16184 --- [restartedMain] com.braservone.BraservOneApplication     : Started BraservOneApplication in 18.528 seconds (process running for 20.322)
2025-10-30T16:42:31.033-03:00  INFO 16184 --- [restartedMain] com.braservone.config.BootstrapSeeder    : [BOOTSTRAP] account já existente e ativa: lhborges
